<?xml version="1.0" encoding="UTF-8"?>
<!-- Generated by org.testng.reporters.JUnitXMLReporter -->
<testsuite hostname="DESKTOP-7O11996" ignored="0" name="Regeression_tests" tests="1" failures="1" timestamp="07 May 2020 12:10:10 GMT" time="121.697" errors="0">
  <testcase name="userCanRegister" time="61.301" classname="tests.UserRegistrationTest">
    <failure type="org.openqa.selenium.remote.UnreachableBrowserException" message="Error communicating with the remote browser. It may have died.
Build info: version: &amp;apos;4.0.0-alpha-5&amp;apos;, revision: &amp;apos;b3a0d621cc&amp;apos;
System info: host: &amp;apos;DESKTOP-7O11996&amp;apos;, ip: &amp;apos;192.168.0.146&amp;apos;, os.name: &amp;apos;Windows 10&amp;apos;, os.arch: &amp;apos;amd64&amp;apos;, os.version: &amp;apos;10.0&amp;apos;, java.version: &amp;apos;1.8.0_201&amp;apos;
Driver info: driver.version: RemoteWebDriver
Capabilities {acceptInsecureCerts: true, browserName: firefox, browserVersion: 76.0, javascriptEnabled: true, moz:accessibilityChecks: false, moz:buildID: 20200429185419, moz:geckodriverVersion: 0.25.0, moz:headless: false, moz:processID: 23460, moz:profile: C:\Users\Mustafa Abdo\AppDa..., moz:shutdownTimeout: 60000, moz:useNonSpecCompliantPointerOrigin: false, moz:webdriverClick: true, pageLoadStrategy: normal, platform: WINDOWS, platformName: WINDOWS, platformVersion: 10.0, rotatable: false, setWindowRect: true, strictFileInteractability: false, timeouts: {implicit: 0, pageLoad: 300000, script: 30000}, unhandledPromptBehavior: dismiss and notify}
Session ID: 173ac2a7-29a6-4808-9788-c5421a9178b1">
      <![CDATA[org.openqa.selenium.remote.UnreachableBrowserException: Error communicating with the remote browser. It may have died.
Build info: version: '4.0.0-alpha-5', revision: 'b3a0d621cc'
System info: host: 'DESKTOP-7O11996', ip: '192.168.0.146', os.name: 'Windows 10', os.arch: 'amd64', os.version: '10.0', java.version: '1.8.0_201'
Driver info: driver.version: RemoteWebDriver
Capabilities {acceptInsecureCerts: true, browserName: firefox, browserVersion: 76.0, javascriptEnabled: true, moz:accessibilityChecks: false, moz:buildID: 20200429185419, moz:geckodriverVersion: 0.25.0, moz:headless: false, moz:processID: 23460, moz:profile: C:\Users\Mustafa Abdo\AppDa..., moz:shutdownTimeout: 60000, moz:useNonSpecCompliantPointerOrigin: false, moz:webdriverClick: true, pageLoadStrategy: normal, platform: WINDOWS, platformName: WINDOWS, platformVersion: 10.0, rotatable: false, setWindowRect: true, strictFileInteractability: false, timeouts: {implicit: 0, pageLoad: 300000, script: 30000}, unhandledPromptBehavior: dismiss and notify}
Session ID: 173ac2a7-29a6-4808-9788-c5421a9178b1
at org.openqa.selenium.remote.RemoteWebDriver.execute(RemoteWebDriver.java:603)
at org.openqa.selenium.remote.RemoteWebDriver.findElement(RemoteWebDriver.java:333)
at org.openqa.selenium.remote.RemoteWebDriver.findElementByCssSelector(RemoteWebDriver.java:441)
at org.openqa.selenium.By$ByCssSelector.findElement(By.java:494)
at org.openqa.selenium.remote.RemoteWebDriver.findElement(RemoteWebDriver.java:325)
at org.openqa.selenium.support.pagefactory.DefaultElementLocator.findElement(DefaultElementLocator.java:70)
at org.openqa.selenium.support.pagefactory.internal.LocatingElementHandler.invoke(LocatingElementHandler.java:39)
at com.sun.proxy.$Proxy16.click(Unknown Source)
at pages.Pagebase.clickButton(Pagebase.java:20)
at pages.UserRegistrationPage.Register(UserRegistrationPage.java:50)
at tests.UserRegistrationTest.userCanRegister(UserRegistrationTest.java:40)
Caused by: java.lang.RuntimeException: NettyHttpHandler request execution error
at org.openqa.selenium.remote.http.netty.NettyHttpHandler.makeCall(NettyHttpHandler.java:72)
at org.openqa.selenium.remote.http.AddSeleniumUserAgent.lambda$apply$0(AddSeleniumUserAgent.java:42)
at org.openqa.selenium.remote.http.Filter.lambda$andFinally$1(Filter.java:55)
at org.openqa.selenium.remote.http.netty.NettyHttpHandler.execute(NettyHttpHandler.java:47)
at org.openqa.selenium.remote.http.AddSeleniumUserAgent.lambda$apply$0(AddSeleniumUserAgent.java:42)
at org.openqa.selenium.remote.http.Filter.lambda$andFinally$1(Filter.java:55)
at org.openqa.selenium.remote.http.netty.NettyClient.execute(NettyClient.java:47)
at org.openqa.selenium.remote.HttpCommandExecutor.execute(HttpCommandExecutor.java:158)
at org.openqa.selenium.remote.service.DriverCommandExecutor.execute(DriverCommandExecutor.java:83)
at org.openqa.selenium.remote.RemoteWebDriver.execute(RemoteWebDriver.java:582)
... 35 more
Caused by: java.util.concurrent.ExecutionException: java.util.concurrent.TimeoutException: Request timeout to localhost/127.0.0.1:45220 after 60000 ms
at java.util.concurrent.CompletableFuture.reportGet(CompletableFuture.java:357)
at java.util.concurrent.CompletableFuture.get(CompletableFuture.java:1895)
at org.asynchttpclient.netty.NettyResponseFuture.get(NettyResponseFuture.java:201)
at org.openqa.selenium.remote.http.netty.NettyHttpHandler.makeCall(NettyHttpHandler.java:57)
... 44 more
Caused by: java.util.concurrent.TimeoutException: Request timeout to localhost/127.0.0.1:45220 after 60000 ms
at org.asynchttpclient.netty.timeout.TimeoutTimerTask.expire(TimeoutTimerTask.java:43)
at org.asynchttpclient.netty.timeout.RequestTimeoutTimerTask.run(RequestTimeoutTimerTask.java:50)
at io.netty.util.HashedWheelTimer$HashedWheelTimeout.expire(HashedWheelTimer.java:672)
at io.netty.util.HashedWheelTimer$HashedWheelBucket.expireTimeouts(HashedWheelTimer.java:747)
at io.netty.util.HashedWheelTimer$Worker.run(HashedWheelTimer.java:472)
at io.netty.util.concurrent.FastThreadLocalRunnable.run(FastThreadLocalRunnable.java:30)
at java.lang.Thread.run(Thread.java:748)
... Removed 25 stack frames]]>
    </failure>
  </testcase> <!-- userCanRegister -->
</testsuite> <!-- Regeression_tests -->
